Using pre-set license
Built from '2020.3/staging' branch; Version is '2020.3.17f1 (a4537701e4ab) revision 10769271'; Using compiler version '192528614'; Build Type 'Release'
OS: 'Windows 10 Pro; OS build 19043.1288; Version 2009; 64bit' Language: 'zh' Physical Memory: 16333 MB
BatchMode: 1, IsHumanControllingUs: 0, StartBugReporterOnCrash: 0, Is64bit: 1, IsPro: 0

COMMAND LINE ARGUMENTS:
C:\Program Files\Unity\Hub\Editor\2020.3.17f1\Editor\Unity.exe
-adb2
-batchMode
-noUpm
-name
AssetImportWorker0
-projectPath
C:/Users/lzm50/OneDrive/Documents/GitHub/2021-09-module2-Eisto123
-logFile
Logs/AssetImportWorker0.log
-srvPort
58067
Successfully changed project path to: C:/Users/lzm50/OneDrive/Documents/GitHub/2021-09-module2-Eisto123
C:/Users/lzm50/OneDrive/Documents/GitHub/2021-09-module2-Eisto123
Using Asset Import Pipeline V2.
Refreshing native plugins compatible for Editor in 27.00 ms, found 2 plugins.
Preloading 0 native plugins for Editor in 0.00 ms.
Initialize engine version: 2020.3.17f1 (a4537701e4ab)
[Subsystems] Discovering subsystems at path C:/Program Files/Unity/Hub/Editor/2020.3.17f1/Editor/Data/Resources/UnitySubsystems
[Subsystems] Discovering subsystems at path C:/Users/lzm50/OneDrive/Documents/GitHub/2021-09-module2-Eisto123/Assets
GfxDevice: creating device client; threaded=0
Direct3D:
    Version:  Direct3D 11.0 [level 11.1]
    Renderer: NVIDIA GeForce RTX 2060 SUPER (ID=0x1f06)
    Vendor:   
    VRAM:     8031 MB
    Driver:   30.0.14.9613
Initialize mono
Mono path[0] = 'C:/Program Files/Unity/Hub/Editor/2020.3.17f1/Editor/Data/Managed'
Mono path[1] = 'C:/Program Files/Unity/Hub/Editor/2020.3.17f1/Editor/Data/MonoBleedingEdge/lib/mono/unityjit'
Mono config path = 'C:/Program Files/Unity/Hub/Editor/2020.3.17f1/Editor/Data/MonoBleedingEdge/etc'
Using monoOptions --debugger-agent=transport=dt_socket,embedding=1,server=y,suspend=n,address=127.0.0.1:56832
Begin MonoManager ReloadAssembly
Registering precompiled unity dll's ...
Register platform support module: C:/Program Files/Unity/Hub/Editor/2020.3.17f1/Editor/Data/PlaybackEngines/WebGLSupport/UnityEditor.WebGL.Extensions.dll
Register platform support module: C:/Program Files/Unity/Hub/Editor/2020.3.17f1/Editor/Data/PlaybackEngines/WindowsStandaloneSupport/UnityEditor.WindowsStandalone.Extensions.dll
Registered in 0.002022 seconds.
Native extension for WindowsStandalone target not found
Native extension for WebGL target not found
Refreshing native plugins compatible for Editor in 24.66 ms, found 2 plugins.
Preloading 0 native plugins for Editor in 0.00 ms.
Mono: successfully reloaded assembly
- Completed reload, in  0.965 seconds
Domain Reload Profiling:
	ReloadAssembly (965ms)
		BeginReloadAssembly (44ms)
			ExecutionOrderSort (0ms)
			DisableScriptedObjects (0ms)
			BackupInstance (0ms)
			ReleaseScriptingObjects (0ms)
			CreateAndSetChildDomain (1ms)
		EndReloadAssembly (334ms)
			LoadAssemblies (42ms)
			RebuildTransferFunctionScriptingTraits (0ms)
			SetupTypeCache (125ms)
			ReleaseScriptCaches (0ms)
			RebuildScriptCaches (25ms)
			SetupLoadedEditorAssemblies (127ms)
				LogAssemblyErrors (0ms)
				InitializePlatformSupportModulesInManaged (4ms)
				SetLoadedEditorAssemblies (0ms)
				RefreshPlugins (25ms)
				BeforeProcessingInitializeOnLoad (13ms)
				ProcessInitializeOnLoadAttributes (63ms)
				ProcessInitializeOnLoadMethodAttributes (22ms)
				AfterProcessingInitializeOnLoad (0ms)
				EditorAssembliesLoaded (0ms)
			ExecutionOrderSort2 (0ms)
			AwakeInstancesAfterBackupRestoration (0ms)
Platform modules already initialized, skipping
Registering precompiled user dll's ...
Registered in 0.003248 seconds.
Begin MonoManager ReloadAssembly
Native extension for WindowsStandalone target not found
Native extension for WebGL target not found
Refreshing native plugins compatible for Editor in 0.34 ms, found 2 plugins.
Preloading 0 native plugins for Editor in 0.00 ms.
Mono: successfully reloaded assembly
- Completed reload, in  0.876 seconds
Domain Reload Profiling:
	ReloadAssembly (877ms)
		BeginReloadAssembly (124ms)
			ExecutionOrderSort (0ms)
			DisableScriptedObjects (4ms)
			BackupInstance (0ms)
			ReleaseScriptingObjects (0ms)
			CreateAndSetChildDomain (17ms)
		EndReloadAssembly (700ms)
			LoadAssemblies (71ms)
			RebuildTransferFunctionScriptingTraits (0ms)
			SetupTypeCache (217ms)
			ReleaseScriptCaches (0ms)
			RebuildScriptCaches (34ms)
			SetupLoadedEditorAssemblies (303ms)
				LogAssemblyErrors (0ms)
				InitializePlatformSupportModulesInManaged (5ms)
				SetLoadedEditorAssemblies (0ms)
				RefreshPlugins (0ms)
				BeforeProcessingInitializeOnLoad (63ms)
				ProcessInitializeOnLoadAttributes (226ms)
				ProcessInitializeOnLoadMethodAttributes (3ms)
				AfterProcessingInitializeOnLoad (5ms)
				EditorAssembliesLoaded (0ms)
			ExecutionOrderSort2 (0ms)
			AwakeInstancesAfterBackupRestoration (5ms)
Platform modules already initialized, skipping
========================================================================
Worker process is ready to serve import requests
Launched and connected shader compiler UnityShaderCompiler.exe after 0.06 seconds
Refreshing native plugins compatible for Editor in 0.34 ms, found 2 plugins.
Preloading 0 native plugins for Editor in 0.00 ms.
Unloading 1407 Unused Serialized files (Serialized files now loaded: 0)
System memory in use before: 65.2 MB.
System memory in use after: 65.3 MB.

Unloading 18 unused Assets to reduce memory usage. Loaded Objects now: 1842.
Total: 2.739700 ms (FindLiveObjects: 0.181400 ms CreateObjectMapping: 0.033600 ms MarkObjects: 2.459600 ms  DeleteObjects: 0.064300 ms)

AssetImportParameters requested are different than current active one (requested -> active):
  custom:framework-win-MediaFoundation: 216162199b28c13a410421893ffa2e32 -> 
  custom:video-decoder-ogg-theora: a1e56fd34408186e4bbccfd4996cb3dc -> 
  custom:container-muxer-webm: aa71ff27fc2769a1b78a27578f13a17b -> 
  custom:container-demuxer-webm: 4f35f7cbe854078d1ac9338744f61a02 -> 
  custom:container-demuxer-ogg: 62fdf1f143b41e24485cea50d1cbac27 -> 
  custom:video-encoder-webm-vp8: eb34c28f22e8b96e1ab97ce403110664 -> 
  custom:video-decoder-webm-vp8: 9c59270c3fd7afecdb556c50c9e8de78 -> 
  custom:audio-decoder-ogg-vorbis: bf7c407c2cedff20999df2af8eb42d56 -> 
  custom:audio-encoder-webm-vorbis: bf7c407c2cedff20999df2af8eb42d56 -> 
========================================================================
Received Import Request.
  path: Assets
  artifactKey: Guid(00000000000000001000000000000000) Importer(815301076,1909f56bfc062723c751e8b465ee728b)
Start importing Assets using Guid(00000000000000001000000000000000) Importer(815301076,1909f56bfc062723c751e8b465ee728b)  -> (artifact id: '42d402b061de3733987d63b9cc3b64de') in 0.008996 seconds 
  Import took 0.011787 seconds .

========================================================================
Received Import Request.
  Time since last request: 9.926929 seconds.
  path: Assets/Loader.cs
  artifactKey: Guid(ff808edb50b614f4ea30bc0edba1b68b) Importer(815301076,1909f56bfc062723c751e8b465ee728b)
Start importing Assets/Loader.cs using Guid(ff808edb50b614f4ea30bc0edba1b68b) Importer(815301076,1909f56bfc062723c751e8b465ee728b)  -> (artifact id: '83743e818f31c266a5844f47626ecf87') in 0.024902 seconds 
  Import took 0.027219 seconds .

========================================================================
Received Import Request.
  Time since last request: 40.692288 seconds.
  path: Assets/Loader.cs
  artifactKey: Guid(ff808edb50b614f4ea30bc0edba1b68b) Importer(815301076,1909f56bfc062723c751e8b465ee728b)
Start importing Assets/Loader.cs using Guid(ff808edb50b614f4ea30bc0edba1b68b) Importer(815301076,1909f56bfc062723c751e8b465ee728b)  -> (artifact id: 'de17b19062ebd0ae4c99d11fc34f4eca') in 0.006678 seconds 
  Import took 0.009411 seconds .

========================================================================
Received Prepare
Registering precompiled user dll's ...
Registered in 0.003412 seconds.
Begin MonoManager ReloadAssembly
Native extension for WindowsStandalone target not found
Native extension for WebGL target not found
Refreshing native plugins compatible for Editor in 0.34 ms, found 2 plugins.
Preloading 0 native plugins for Editor in 0.00 ms.
Mono: successfully reloaded assembly
- Completed reload, in  0.840 seconds
Domain Reload Profiling:
	ReloadAssembly (841ms)
		BeginReloadAssembly (100ms)
			ExecutionOrderSort (0ms)
			DisableScriptedObjects (4ms)
			BackupInstance (0ms)
			ReleaseScriptingObjects (0ms)
			CreateAndSetChildDomain (31ms)
		EndReloadAssembly (685ms)
			LoadAssemblies (70ms)
			RebuildTransferFunctionScriptingTraits (0ms)
			SetupTypeCache (221ms)
			ReleaseScriptCaches (1ms)
			RebuildScriptCaches (30ms)
			SetupLoadedEditorAssemblies (285ms)
				LogAssemblyErrors (0ms)
				InitializePlatformSupportModulesInManaged (5ms)
				SetLoadedEditorAssemblies (0ms)
				RefreshPlugins (0ms)
				BeforeProcessingInitializeOnLoad (60ms)
				ProcessInitializeOnLoadAttributes (210ms)
				ProcessInitializeOnLoadMethodAttributes (3ms)
				AfterProcessingInitializeOnLoad (6ms)
				EditorAssembliesLoaded (0ms)
			ExecutionOrderSort2 (0ms)
			AwakeInstancesAfterBackupRestoration (5ms)
Platform modules already initialized, skipping
Refreshing native plugins compatible for Editor in 0.33 ms, found 2 plugins.
Preloading 0 native plugins for Editor in 0.00 ms.
Unloading 1402 Unused Serialized files (Serialized files now loaded: 0)
System memory in use before: 65.1 MB.
System memory in use after: 65.2 MB.

Unloading 13 unused Assets to reduce memory usage. Loaded Objects now: 1845.
Total: 3.314400 ms (FindLiveObjects: 0.195300 ms CreateObjectMapping: 0.038000 ms MarkObjects: 3.055100 ms  DeleteObjects: 0.024600 ms)

AssetImportParameters requested are different than current active one (requested -> active):
  custom:framework-win-MediaFoundation: 216162199b28c13a410421893ffa2e32 -> 
  custom:video-decoder-ogg-theora: a1e56fd34408186e4bbccfd4996cb3dc -> 
  custom:container-muxer-webm: aa71ff27fc2769a1b78a27578f13a17b -> 
  custom:container-demuxer-webm: 4f35f7cbe854078d1ac9338744f61a02 -> 
  custom:container-demuxer-ogg: 62fdf1f143b41e24485cea50d1cbac27 -> 
  custom:video-encoder-webm-vp8: eb34c28f22e8b96e1ab97ce403110664 -> 
  custom:video-decoder-webm-vp8: 9c59270c3fd7afecdb556c50c9e8de78 -> 
  custom:audio-decoder-ogg-vorbis: bf7c407c2cedff20999df2af8eb42d56 -> 
  custom:audio-encoder-webm-vorbis: bf7c407c2cedff20999df2af8eb42d56 -> 
========================================================================
Received Prepare
Registering precompiled user dll's ...
Registered in 0.003005 seconds.
Begin MonoManager ReloadAssembly
Native extension for WindowsStandalone target not found
Native extension for WebGL target not found
Refreshing native plugins compatible for Editor in 0.34 ms, found 2 plugins.
Preloading 0 native plugins for Editor in 0.00 ms.
Mono: successfully reloaded assembly
- Completed reload, in  0.818 seconds
Domain Reload Profiling:
	ReloadAssembly (819ms)
		BeginReloadAssembly (99ms)
			ExecutionOrderSort (0ms)
			DisableScriptedObjects (4ms)
			BackupInstance (0ms)
			ReleaseScriptingObjects (0ms)
			CreateAndSetChildDomain (27ms)
		EndReloadAssembly (663ms)
			LoadAssemblies (68ms)
			RebuildTransferFunctionScriptingTraits (0ms)
			SetupTypeCache (210ms)
			ReleaseScriptCaches (1ms)
			RebuildScriptCaches (30ms)
			SetupLoadedEditorAssemblies (277ms)
				LogAssemblyErrors (0ms)
				InitializePlatformSupportModulesInManaged (5ms)
				SetLoadedEditorAssemblies (0ms)
				RefreshPlugins (0ms)
				BeforeProcessingInitializeOnLoad (58ms)
				ProcessInitializeOnLoadAttributes (205ms)
				ProcessInitializeOnLoadMethodAttributes (3ms)
				AfterProcessingInitializeOnLoad (5ms)
				EditorAssembliesLoaded (0ms)
			ExecutionOrderSort2 (0ms)
			AwakeInstancesAfterBackupRestoration (5ms)
Platform modules already initialized, skipping
Refreshing native plugins compatible for Editor in 0.33 ms, found 2 plugins.
Preloading 0 native plugins for Editor in 0.00 ms.
Unloading 1402 Unused Serialized files (Serialized files now loaded: 0)
System memory in use before: 65.1 MB.
System memory in use after: 65.2 MB.

Unloading 13 unused Assets to reduce memory usage. Loaded Objects now: 1847.
Total: 2.565200 ms (FindLiveObjects: 0.148500 ms CreateObjectMapping: 0.037300 ms MarkObjects: 2.364200 ms  DeleteObjects: 0.014100 ms)

AssetImportParameters requested are different than current active one (requested -> active):
  custom:framework-win-MediaFoundation: 216162199b28c13a410421893ffa2e32 -> 
  custom:video-decoder-ogg-theora: a1e56fd34408186e4bbccfd4996cb3dc -> 
  custom:container-muxer-webm: aa71ff27fc2769a1b78a27578f13a17b -> 
  custom:container-demuxer-webm: 4f35f7cbe854078d1ac9338744f61a02 -> 
  custom:container-demuxer-ogg: 62fdf1f143b41e24485cea50d1cbac27 -> 
  custom:video-encoder-webm-vp8: eb34c28f22e8b96e1ab97ce403110664 -> 
  custom:video-decoder-webm-vp8: 9c59270c3fd7afecdb556c50c9e8de78 -> 
  custom:audio-decoder-ogg-vorbis: bf7c407c2cedff20999df2af8eb42d56 -> 
  custom:audio-encoder-webm-vorbis: bf7c407c2cedff20999df2af8eb42d56 -> 
========================================================================
Received Import Request.
  Time since last request: 79.152491 seconds.
  path: Assets/OtherGame/__Clock_Scene_0.unity
  artifactKey: Guid(8a69785a7c7394d1286e8e0987d1c268) Importer(815301076,1909f56bfc062723c751e8b465ee728b)
Start importing Assets/OtherGame/__Clock_Scene_0.unity using Guid(8a69785a7c7394d1286e8e0987d1c268) Importer(815301076,1909f56bfc062723c751e8b465ee728b)  -> (artifact id: '9f6607a9994bf227c37402ac132bb37d') in 0.015306 seconds 
  Import took 0.017932 seconds .

========================================================================
Received Prepare
Registering precompiled user dll's ...
Registered in 0.003059 seconds.
Begin MonoManager ReloadAssembly
Native extension for WindowsStandalone target not found
Native extension for WebGL target not found
Refreshing native plugins compatible for Editor in 0.36 ms, found 2 plugins.
Preloading 0 native plugins for Editor in 0.00 ms.
Mono: successfully reloaded assembly
- Completed reload, in  0.827 seconds
Domain Reload Profiling:
	ReloadAssembly (827ms)
		BeginReloadAssembly (97ms)
			ExecutionOrderSort (0ms)
			DisableScriptedObjects (3ms)
			BackupInstance (0ms)
			ReleaseScriptingObjects (0ms)
			CreateAndSetChildDomain (28ms)
		EndReloadAssembly (675ms)
			LoadAssemblies (70ms)
			RebuildTransferFunctionScriptingTraits (0ms)
			SetupTypeCache (223ms)
			ReleaseScriptCaches (1ms)
			RebuildScriptCaches (30ms)
			SetupLoadedEditorAssemblies (275ms)
				LogAssemblyErrors (0ms)
				InitializePlatformSupportModulesInManaged (5ms)
				SetLoadedEditorAssemblies (0ms)
				RefreshPlugins (0ms)
				BeforeProcessingInitializeOnLoad (58ms)
				ProcessInitializeOnLoadAttributes (203ms)
				ProcessInitializeOnLoadMethodAttributes (3ms)
				AfterProcessingInitializeOnLoad (5ms)
				EditorAssembliesLoaded (0ms)
			ExecutionOrderSort2 (0ms)
			AwakeInstancesAfterBackupRestoration (6ms)
Platform modules already initialized, skipping
Refreshing native plugins compatible for Editor in 0.32 ms, found 2 plugins.
Preloading 0 native plugins for Editor in 0.00 ms.
Unloading 1402 Unused Serialized files (Serialized files now loaded: 0)
System memory in use before: 65.1 MB.
System memory in use after: 65.2 MB.

Unloading 13 unused Assets to reduce memory usage. Loaded Objects now: 1849.
Total: 2.577100 ms (FindLiveObjects: 0.133600 ms CreateObjectMapping: 0.031900 ms MarkObjects: 2.397400 ms  DeleteObjects: 0.013200 ms)

AssetImportParameters requested are different than current active one (requested -> active):
  custom:framework-win-MediaFoundation: 216162199b28c13a410421893ffa2e32 -> 
  custom:video-decoder-ogg-theora: a1e56fd34408186e4bbccfd4996cb3dc -> 
  custom:container-muxer-webm: aa71ff27fc2769a1b78a27578f13a17b -> 
  custom:container-demuxer-webm: 4f35f7cbe854078d1ac9338744f61a02 -> 
  custom:container-demuxer-ogg: 62fdf1f143b41e24485cea50d1cbac27 -> 
  custom:video-encoder-webm-vp8: eb34c28f22e8b96e1ab97ce403110664 -> 
  custom:video-decoder-webm-vp8: 9c59270c3fd7afecdb556c50c9e8de78 -> 
  custom:audio-decoder-ogg-vorbis: bf7c407c2cedff20999df2af8eb42d56 -> 
  custom:audio-encoder-webm-vorbis: bf7c407c2cedff20999df2af8eb42d56 -> 
========================================================================
Received Import Request.
  Time since last request: 16.441829 seconds.
  path: Assets/Loader.cs
  artifactKey: Guid(ff808edb50b614f4ea30bc0edba1b68b) Importer(815301076,1909f56bfc062723c751e8b465ee728b)
Start importing Assets/Loader.cs using Guid(ff808edb50b614f4ea30bc0edba1b68b) Importer(815301076,1909f56bfc062723c751e8b465ee728b)  -> (artifact id: '3ce5e6b8825db051c5920c007e0fc84c') in 0.008626 seconds 
  Import took 0.011330 seconds .

========================================================================
Received Prepare
Registering precompiled user dll's ...
Registered in 0.002996 seconds.
Begin MonoManager ReloadAssembly
Native extension for WindowsStandalone target not found
Native extension for WebGL target not found
Refreshing native plugins compatible for Editor in 0.34 ms, found 2 plugins.
Preloading 0 native plugins for Editor in 0.00 ms.
Mono: successfully reloaded assembly
- Completed reload, in  0.801 seconds
Domain Reload Profiling:
	ReloadAssembly (801ms)
		BeginReloadAssembly (92ms)
			ExecutionOrderSort (0ms)
			DisableScriptedObjects (4ms)
			BackupInstance (0ms)
			ReleaseScriptingObjects (0ms)
			CreateAndSetChildDomain (28ms)
		EndReloadAssembly (653ms)
			LoadAssemblies (67ms)
			RebuildTransferFunctionScriptingTraits (0ms)
			SetupTypeCache (211ms)
			ReleaseScriptCaches (1ms)
			RebuildScriptCaches (29ms)
			SetupLoadedEditorAssemblies (269ms)
				LogAssemblyErrors (0ms)
				InitializePlatformSupportModulesInManaged (5ms)
				SetLoadedEditorAssemblies (0ms)
				RefreshPlugins (0ms)
				BeforeProcessingInitializeOnLoad (56ms)
				ProcessInitializeOnLoadAttributes (200ms)
				ProcessInitializeOnLoadMethodAttributes (3ms)
				AfterProcessingInitializeOnLoad (5ms)
				EditorAssembliesLoaded (0ms)
			ExecutionOrderSort2 (0ms)
			AwakeInstancesAfterBackupRestoration (5ms)
Platform modules already initialized, skipping
Refreshing native plugins compatible for Editor in 0.33 ms, found 2 plugins.
Preloading 0 native plugins for Editor in 0.00 ms.
Unloading 1402 Unused Serialized files (Serialized files now loaded: 0)
System memory in use before: 65.1 MB.
System memory in use after: 65.2 MB.

Unloading 13 unused Assets to reduce memory usage. Loaded Objects now: 1851.
Total: 2.606100 ms (FindLiveObjects: 0.143800 ms CreateObjectMapping: 0.032600 ms MarkObjects: 2.414500 ms  DeleteObjects: 0.013800 ms)

AssetImportParameters requested are different than current active one (requested -> active):
  custom:framework-win-MediaFoundation: 216162199b28c13a410421893ffa2e32 -> 
  custom:video-decoder-ogg-theora: a1e56fd34408186e4bbccfd4996cb3dc -> 
  custom:container-muxer-webm: aa71ff27fc2769a1b78a27578f13a17b -> 
  custom:container-demuxer-webm: 4f35f7cbe854078d1ac9338744f61a02 -> 
  custom:container-demuxer-ogg: 62fdf1f143b41e24485cea50d1cbac27 -> 
  custom:video-encoder-webm-vp8: eb34c28f22e8b96e1ab97ce403110664 -> 
  custom:video-decoder-webm-vp8: 9c59270c3fd7afecdb556c50c9e8de78 -> 
  custom:audio-decoder-ogg-vorbis: bf7c407c2cedff20999df2af8eb42d56 -> 
  custom:audio-encoder-webm-vorbis: bf7c407c2cedff20999df2af8eb42d56 -> 
========================================================================
Received Import Request.
  Time since last request: 524.616124 seconds.
  path: Assets/OtherGame/New Folder
  artifactKey: Guid(90d5ee1bf07fde540b538522dbfc5982) Importer(815301076,1909f56bfc062723c751e8b465ee728b)
Start importing Assets/OtherGame/New Folder using Guid(90d5ee1bf07fde540b538522dbfc5982) Importer(815301076,1909f56bfc062723c751e8b465ee728b)  -> (artifact id: '8db01b33772d1e6995bb0c957d558f89') in 0.008060 seconds 
  Import took 0.010311 seconds .

========================================================================
Received Import Request.
  Time since last request: 2.758551 seconds.
  path: Assets/OtherGame/New Folder/New Folder
  artifactKey: Guid(4e71a7ecc7029ac479a90d6bfa47c9cf) Importer(815301076,1909f56bfc062723c751e8b465ee728b)
Start importing Assets/OtherGame/New Folder/New Folder using Guid(4e71a7ecc7029ac479a90d6bfa47c9cf) Importer(815301076,1909f56bfc062723c751e8b465ee728b)  -> (artifact id: '817cbf194652e4801c8f1157e967d57a') in 0.002362 seconds 
  Import took 0.004719 seconds .

========================================================================
Received Import Request.
  Time since last request: 0.000589 seconds.
  path: Assets/OtherGame/New Folder/New Folder
  artifactKey: Guid(4e71a7ecc7029ac479a90d6bfa47c9cf) Importer(815301076,1909f56bfc062723c751e8b465ee728b)
Start importing Assets/OtherGame/New Folder/New Folder using Guid(4e71a7ecc7029ac479a90d6bfa47c9cf) Importer(815301076,1909f56bfc062723c751e8b465ee728b)  -> (artifact id: '817cbf194652e4801c8f1157e967d57a') in 0.002002 seconds 
  Import took 0.003876 seconds .

========================================================================
Received Import Request.
  Time since last request: 9.990536 seconds.
  path: Assets/OtherGame/New Folder 1
  artifactKey: Guid(e3146f4da5c3a9241a1ec7f18fe03e7c) Importer(815301076,1909f56bfc062723c751e8b465ee728b)
Start importing Assets/OtherGame/New Folder 1 using Guid(e3146f4da5c3a9241a1ec7f18fe03e7c) Importer(815301076,1909f56bfc062723c751e8b465ee728b)  -> (artifact id: 'eec1d82e53efaf836722fc42e64a2e19') in 0.007112 seconds 
  Import took 0.009590 seconds .

========================================================================
Received Import Request.
  Time since last request: 3.581510 seconds.
  path: Assets/OtherGame/New Folder 2
  artifactKey: Guid(07344e94350ef434e8472386f5e7ab5c) Importer(815301076,1909f56bfc062723c751e8b465ee728b)
Start importing Assets/OtherGame/New Folder 2 using Guid(07344e94350ef434e8472386f5e7ab5c) Importer(815301076,1909f56bfc062723c751e8b465ee728b)  -> (artifact id: '53feae3fe282979cbb8fd2950c0e0406') in 0.006748 seconds 
  Import took 0.009044 seconds .

========================================================================
Received Import Request.
  Time since last request: 6.220857 seconds.
  path: Assets/OtherGame/Script
  artifactKey: Guid(90d5ee1bf07fde540b538522dbfc5982) Importer(815301076,1909f56bfc062723c751e8b465ee728b)
Start importing Assets/OtherGame/Script using Guid(90d5ee1bf07fde540b538522dbfc5982) Importer(815301076,1909f56bfc062723c751e8b465ee728b)  -> (artifact id: '5b7a6cb25d7bc7444051684bb689cb2c') in 0.008670 seconds 
  Import took 0.011204 seconds .

========================================================================
Received Import Request.
  Time since last request: 7.781665 seconds.
  path: Assets/OtherGame/Prefab
  artifactKey: Guid(e3146f4da5c3a9241a1ec7f18fe03e7c) Importer(815301076,1909f56bfc062723c751e8b465ee728b)
Start importing Assets/OtherGame/Prefab using Guid(e3146f4da5c3a9241a1ec7f18fe03e7c) Importer(815301076,1909f56bfc062723c751e8b465ee728b)  -> (artifact id: '123af4e21f18bef546dc45ac233d24a5') in 0.006790 seconds 
  Import took 0.009256 seconds .

========================================================================
Received Import Request.
  Time since last request: 11.201152 seconds.
  path: Assets/OtherGame/Sprite
  artifactKey: Guid(07344e94350ef434e8472386f5e7ab5c) Importer(815301076,1909f56bfc062723c751e8b465ee728b)
Start importing Assets/OtherGame/Sprite using Guid(07344e94350ef434e8472386f5e7ab5c) Importer(815301076,1909f56bfc062723c751e8b465ee728b)  -> (artifact id: '8fe3c08b93b11cfc5b49b3dfe6c5b11e') in 0.006659 seconds 
  Import took 0.009151 seconds .

========================================================================
Received Import Request.
  Time since last request: 15.865761 seconds.
  path: Assets/OtherGame/Resource
  artifactKey: Guid(d951a234a4dd4964fbf9eb61795d838c) Importer(815301076,1909f56bfc062723c751e8b465ee728b)
Start importing Assets/OtherGame/Resource using Guid(d951a234a4dd4964fbf9eb61795d838c) Importer(815301076,1909f56bfc062723c751e8b465ee728b)  -> (artifact id: '34f4d0c217c5ab4cfbbab582395763ae') in 0.006714 seconds 
  Import took 0.009124 seconds .

========================================================================
Received Import Request.
  Time since last request: 80.143109 seconds.
  path: Assets/OtherGame/Sprite/Card_Back.png
  artifactKey: Guid(bb257b3fc5b84104ebeb435218388272) Importer(815301076,1909f56bfc062723c751e8b465ee728b)
Start importing Assets/OtherGame/Sprite/Card_Back.png using Guid(bb257b3fc5b84104ebeb435218388272) Importer(815301076,1909f56bfc062723c751e8b465ee728b)  -> (artifact id: 'e6fa2d871cbe177cce1bb97c1f83d80c') in 0.066393 seconds 
  Import took 0.069032 seconds .

========================================================================
Received Import Request.
  Time since last request: 0.000226 seconds.
  path: Assets/OtherGame/Sprite/Club.png
  artifactKey: Guid(cecc95a877e16f54ab69a7576c06f3b0) Importer(815301076,1909f56bfc062723c751e8b465ee728b)
Start importing Assets/OtherGame/Sprite/Club.png using Guid(cecc95a877e16f54ab69a7576c06f3b0) Importer(815301076,1909f56bfc062723c751e8b465ee728b)  -> (artifact id: '219378343932f30a8a28b5384bac8c9f') in 0.019054 seconds 
  Import took 0.021282 seconds .

========================================================================
Received Import Request.
  Time since last request: 0.000168 seconds.
  path: Assets/OtherGame/Sprite/FaceCard_11C.png
  artifactKey: Guid(2d548acaa22fa9f4891a3c3fc1f1a66d) Importer(815301076,1909f56bfc062723c751e8b465ee728b)
Start importing Assets/OtherGame/Sprite/FaceCard_11C.png using Guid(2d548acaa22fa9f4891a3c3fc1f1a66d) Importer(815301076,1909f56bfc062723c751e8b465ee728b)  -> (artifact id: '39ed87fd804219d05813d0e5095d1dcd') in 0.029286 seconds 
  Import took 0.031793 seconds .

========================================================================
Received Import Request.
  Time since last request: 0.000219 seconds.
  path: Assets/OtherGame/Sprite/FaceCard_13H.png
  artifactKey: Guid(5d935cd211ff96d4f8c4d49ad6bd46ba) Importer(815301076,1909f56bfc062723c751e8b465ee728b)
Start importing Assets/OtherGame/Sprite/FaceCard_13H.png using Guid(5d935cd211ff96d4f8c4d49ad6bd46ba) Importer(815301076,1909f56bfc062723c751e8b465ee728b)  -> (artifact id: '38996612cdc82ca9094e9304c1e5f244') in 0.017665 seconds 
  Import took 0.020154 seconds .

========================================================================
Received Import Request.
  Time since last request: 0.000189 seconds.
  path: Assets/OtherGame/Sprite/Diamond.png
  artifactKey: Guid(adf2ecbfed7a11f4b8dba3d53e62d39a) Importer(815301076,1909f56bfc062723c751e8b465ee728b)
Start importing Assets/OtherGame/Sprite/Diamond.png using Guid(adf2ecbfed7a11f4b8dba3d53e62d39a) Importer(815301076,1909f56bfc062723c751e8b465ee728b)  -> (artifact id: '46635e56715aa119f6c7f12e35fb2ae2') in 0.013097 seconds 
  Import took 0.015655 seconds .

========================================================================
Received Import Request.
  Time since last request: 0.000177 seconds.
  path: Assets/OtherGame/Sprite/FaceCard_12H.png
  artifactKey: Guid(3b02d5158e255af498b79ca74e274df3) Importer(815301076,1909f56bfc062723c751e8b465ee728b)
Start importing Assets/OtherGame/Sprite/FaceCard_12H.png using Guid(3b02d5158e255af498b79ca74e274df3) Importer(815301076,1909f56bfc062723c751e8b465ee728b)  -> (artifact id: 'dda7a0a13c82be317ca9f641020e53e8') in 0.015318 seconds 
  Import took 0.017768 seconds .

========================================================================
Received Import Request.
  Time since last request: 0.000204 seconds.
  path: Assets/OtherGame/Sprite/Spade.png
  artifactKey: Guid(39d3710f3b61e044081bcd6fec9970b1) Importer(815301076,1909f56bfc062723c751e8b465ee728b)
Start importing Assets/OtherGame/Sprite/Spade.png using Guid(39d3710f3b61e044081bcd6fec9970b1) Importer(815301076,1909f56bfc062723c751e8b465ee728b)  -> (artifact id: '65e091518855774013d62cf68fa9f071') in 0.017375 seconds 
  Import took 0.020032 seconds .

========================================================================
Received Import Request.
  Time since last request: 0.000201 seconds.
  path: Assets/OtherGame/Sprite/Card_Front.png
  artifactKey: Guid(d6185c583e2a13647bbaa4cbe2fbcb4a) Importer(815301076,1909f56bfc062723c751e8b465ee728b)
Start importing Assets/OtherGame/Sprite/Card_Front.png using Guid(d6185c583e2a13647bbaa4cbe2fbcb4a) Importer(815301076,1909f56bfc062723c751e8b465ee728b)  -> (artifact id: '6c783ab81f072f8599bad1a34355954b') in 0.022608 seconds 
  Import took 0.024602 seconds .

========================================================================
Received Import Request.
  Time since last request: 0.000220 seconds.
  path: Assets/OtherGame/Sprite/FaceCard_11D.png
  artifactKey: Guid(531845f32f61c9f4f89b47ad63efb78b) Importer(815301076,1909f56bfc062723c751e8b465ee728b)
Start importing Assets/OtherGame/Sprite/FaceCard_11D.png using Guid(531845f32f61c9f4f89b47ad63efb78b) Importer(815301076,1909f56bfc062723c751e8b465ee728b)  -> (artifact id: '08bd2e0966bb278aa6c53c5d262e8e6f') in 0.020387 seconds 
  Import took 0.022593 seconds .

========================================================================
Received Import Request.
  Time since last request: 0.000220 seconds.
  path: Assets/OtherGame/Sprite/FaceCard_13S.png
  artifactKey: Guid(edb685af8f569da40b98cba0497ee26d) Importer(815301076,1909f56bfc062723c751e8b465ee728b)
Start importing Assets/OtherGame/Sprite/FaceCard_13S.png using Guid(edb685af8f569da40b98cba0497ee26d) Importer(815301076,1909f56bfc062723c751e8b465ee728b)  -> (artifact id: '72290040a6dce3ea0e771e0e1523c25e') in 0.022611 seconds 
  Import took 0.025137 seconds .

========================================================================
Received Import Request.
  Time since last request: 0.000233 seconds.
  path: Assets/OtherGame/Sprite/Heart.png
  artifactKey: Guid(e5184b3d132fffc42a09e02594a3f943) Importer(815301076,1909f56bfc062723c751e8b465ee728b)
Start importing Assets/OtherGame/Sprite/Heart.png using Guid(e5184b3d132fffc42a09e02594a3f943) Importer(815301076,1909f56bfc062723c751e8b465ee728b)  -> (artifact id: '64cda59b8fc02e7279627b03b222ff2f') in 0.013940 seconds 
  Import took 0.016159 seconds .

========================================================================
Received Import Request.
  Time since last request: 0.000201 seconds.
  path: Assets/OtherGame/Sprite/Card_Back_Gold.png
  artifactKey: Guid(c2619cd2b2a417e4fba3077161ca5509) Importer(815301076,1909f56bfc062723c751e8b465ee728b)
Start importing Assets/OtherGame/Sprite/Card_Back_Gold.png using Guid(c2619cd2b2a417e4fba3077161ca5509) Importer(815301076,1909f56bfc062723c751e8b465ee728b)  -> (artifact id: 'f8c8147c74ba706dcbfd0796e114adba') in 0.014091 seconds 
  Import took 0.016407 seconds .

========================================================================
Received Import Request.
  Time since last request: 0.000223 seconds.
  path: Assets/OtherGame/Sprite/FaceCard_11H.png
  artifactKey: Guid(9f7bf3e854010a243acac62ebe3165c9) Importer(815301076,1909f56bfc062723c751e8b465ee728b)
Start importing Assets/OtherGame/Sprite/FaceCard_11H.png using Guid(9f7bf3e854010a243acac62ebe3165c9) Importer(815301076,1909f56bfc062723c751e8b465ee728b)  -> (artifact id: 'bf33817f5bdc73f107a503b421a50f34') in 0.015529 seconds 
  Import took 0.018274 seconds .

========================================================================
Received Import Request.
  Time since last request: 0.000248 seconds.
  path: Assets/OtherGame/Sprite/Card_Front_Gold.png
  artifactKey: Guid(43245f1d7da8c5a4dbc7e842a7b21cae) Importer(815301076,1909f56bfc062723c751e8b465ee728b)
Start importing Assets/OtherGame/Sprite/Card_Front_Gold.png using Guid(43245f1d7da8c5a4dbc7e842a7b21cae) Importer(815301076,1909f56bfc062723c751e8b465ee728b)  -> (artifact id: 'e83b0e2a71710bd6ee8968c4c7b0cce8') in 0.018966 seconds 
  Import took 0.021319 seconds .

========================================================================
Received Import Request.
  Time since last request: 0.000191 seconds.
  path: Assets/OtherGame/Sprite/ProspectorBackground Mat.mat
  artifactKey: Guid(d21f8df07d2c9344bbad84ecb5c317dd) Importer(815301076,1909f56bfc062723c751e8b465ee728b)
Start importing Assets/OtherGame/Sprite/ProspectorBackground Mat.mat using Guid(d21f8df07d2c9344bbad84ecb5c317dd) Importer(815301076,1909f56bfc062723c751e8b465ee728b)  -> (artifact id: '29833769b2e706c638e50da264550053') in 0.038595 seconds 
  Import took 0.040760 seconds .

========================================================================
Received Import Request.
  Time since last request: 0.000194 seconds.
  path: Assets/OtherGame/Sprite/FaceCard_12S.png
  artifactKey: Guid(26d97e5a32e5a824ab4dbfc26f010ffc) Importer(815301076,1909f56bfc062723c751e8b465ee728b)
Start importing Assets/OtherGame/Sprite/FaceCard_12S.png using Guid(26d97e5a32e5a824ab4dbfc26f010ffc) Importer(815301076,1909f56bfc062723c751e8b465ee728b)  -> (artifact id: '3fdb4798e7eeebebe38e6fd72a19584a') in 0.016233 seconds 
  Import took 0.018586 seconds .

========================================================================
Received Import Request.
  Time since last request: 0.000209 seconds.
  path: Assets/OtherGame/Sprite/Letters.png
  artifactKey: Guid(8ac6adb937d3f7042bada6d8717d4f6d) Importer(815301076,1909f56bfc062723c751e8b465ee728b)
Start importing Assets/OtherGame/Sprite/Letters.png using Guid(8ac6adb937d3f7042bada6d8717d4f6d) Importer(815301076,1909f56bfc062723c751e8b465ee728b)  -> (artifact id: '1cab8018a9477e93c29ce8c3768e8e67') in 0.045410 seconds 
  Import took 0.047505 seconds .

========================================================================
Received Import Request.
  Time since last request: 0.000199 seconds.
  path: Assets/OtherGame/Sprite/FaceCard_11S.png
  artifactKey: Guid(133969e9401970642bba601af83f0a6a) Importer(815301076,1909f56bfc062723c751e8b465ee728b)
Start importing Assets/OtherGame/Sprite/FaceCard_11S.png using Guid(133969e9401970642bba601af83f0a6a) Importer(815301076,1909f56bfc062723c751e8b465ee728b)  -> (artifact id: '7b83fbb6d221571dd6c4fe26d45a8e5b') in 0.013435 seconds 
  Import took 0.015492 seconds .

========================================================================
Received Import Request.
  Time since last request: 0.000190 seconds.
  path: Assets/OtherGame/Sprite/FaceCard_13D.png
  artifactKey: Guid(2d8b6ab4cbd72e84ea5af98865ebe3fa) Importer(815301076,1909f56bfc062723c751e8b465ee728b)
Start importing Assets/OtherGame/Sprite/FaceCard_13D.png using Guid(2d8b6ab4cbd72e84ea5af98865ebe3fa) Importer(815301076,1909f56bfc062723c751e8b465ee728b)  -> (artifact id: '8a62eb1ce7d539edcfa551c7d0cea654') in 0.018437 seconds 
  Import took 0.020719 seconds .

========================================================================
Received Import Request.
  Time since last request: 0.000203 seconds.
  path: Assets/OtherGame/Sprite/ProspectorBackground.png
  artifactKey: Guid(623b90f69b22784408d98ed821d324da) Importer(815301076,1909f56bfc062723c751e8b465ee728b)
Start importing Assets/OtherGame/Sprite/ProspectorBackground.png using Guid(623b90f69b22784408d98ed821d324da) Importer(815301076,1909f56bfc062723c751e8b465ee728b)  -> (artifact id: '2433a78e686ab92d3d66b7153466f328') in 0.018365 seconds 
  Import took 0.021177 seconds .

========================================================================
Received Import Request.
  Time since last request: 0.000202 seconds.
  path: Assets/OtherGame/Sprite/FaceCard_12D.png
  artifactKey: Guid(c0ccf267e915c8747bedce6c1ef6fd2c) Importer(815301076,1909f56bfc062723c751e8b465ee728b)
Start importing Assets/OtherGame/Sprite/FaceCard_12D.png using Guid(c0ccf267e915c8747bedce6c1ef6fd2c) Importer(815301076,1909f56bfc062723c751e8b465ee728b)  -> (artifact id: '0fd1981ab09dc90c875c59470d5d254b') in 0.013027 seconds 
  Import took 0.015685 seconds .

========================================================================
Received Import Request.
  Time since last request: 0.000257 seconds.
  path: Assets/OtherGame/Sprite/FaceCard_12C.png
  artifactKey: Guid(084f03f94cb0429478c74783b39ecf6c) Importer(815301076,1909f56bfc062723c751e8b465ee728b)
Start importing Assets/OtherGame/Sprite/FaceCard_12C.png using Guid(084f03f94cb0429478c74783b39ecf6c) Importer(815301076,1909f56bfc062723c751e8b465ee728b)  -> (artifact id: 'f2d500654960f8fe0c8be91a04625cd6') in 0.016822 seconds 
  Import took 0.019245 seconds .

========================================================================
Received Import Request.
  Time since last request: 0.000220 seconds.
  path: Assets/OtherGame/Sprite/FaceCard_13C.png
  artifactKey: Guid(844863c8efd2ec9489be4e48f51b729a) Importer(815301076,1909f56bfc062723c751e8b465ee728b)
Start importing Assets/OtherGame/Sprite/FaceCard_13C.png using Guid(844863c8efd2ec9489be4e48f51b729a) Importer(815301076,1909f56bfc062723c751e8b465ee728b)  -> (artifact id: '6fb0ea8bd3f578bd17a7eec09f32833e') in 0.015854 seconds 
  Import took 0.018541 seconds .

========================================================================
Received Import Request.
  Time since last request: 0.000219 seconds.
  path: Assets/OtherGame/Sprite/FaceCard_12C.png
  artifactKey: Guid(084f03f94cb0429478c74783b39ecf6c) Importer(815301076,1909f56bfc062723c751e8b465ee728b)
Start importing Assets/OtherGame/Sprite/FaceCard_12C.png using Guid(084f03f94cb0429478c74783b39ecf6c) Importer(815301076,1909f56bfc062723c751e8b465ee728b)  -> (artifact id: 'f2d500654960f8fe0c8be91a04625cd6') in 0.014407 seconds 
  Import took 0.016800 seconds .

========================================================================
Received Import Request.
  Time since last request: 0.000194 seconds.
  path: Assets/OtherGame/Sprite/FaceCard_13C.png
  artifactKey: Guid(844863c8efd2ec9489be4e48f51b729a) Importer(815301076,1909f56bfc062723c751e8b465ee728b)
Start importing Assets/OtherGame/Sprite/FaceCard_13C.png using Guid(844863c8efd2ec9489be4e48f51b729a) Importer(815301076,1909f56bfc062723c751e8b465ee728b)  -> (artifact id: '6fb0ea8bd3f578bd17a7eec09f32833e') in 0.014968 seconds 
  Import took 0.017097 seconds .

========================================================================
Received Import Request.
  Time since last request: 62.046093 seconds.
  path: Assets/Prospector/__Scripts/Prospector.cs
  artifactKey: Guid(a7d7d9d9d58522f4cb96693ace07ad24) Importer(815301076,1909f56bfc062723c751e8b465ee728b)
Start importing Assets/Prospector/__Scripts/Prospector.cs using Guid(a7d7d9d9d58522f4cb96693ace07ad24) Importer(815301076,1909f56bfc062723c751e8b465ee728b)  -> (artifact id: '0a1ce310394245a55e3c4c64dfc86612') in 0.006131 seconds 
  Import took 0.008480 seconds .

========================================================================
Received Import Request.
  Time since last request: 71.089287 seconds.
  path: Assets/OtherGame/__Clock_Scene_0.unity
  artifactKey: Guid(8a69785a7c7394d1286e8e0987d1c268) Importer(815301076,1909f56bfc062723c751e8b465ee728b)
Start importing Assets/OtherGame/__Clock_Scene_0.unity using Guid(8a69785a7c7394d1286e8e0987d1c268) Importer(815301076,1909f56bfc062723c751e8b465ee728b)  -> (artifact id: '474656f00650f1c0b0a940605d79359f') in 0.003202 seconds 
  Import took 0.005857 seconds .

========================================================================
Received Import Request.
  Time since last request: 2.199482 seconds.
  path: Assets/OtherGame/Script/Deck.cs
  artifactKey: Guid(c3d5ae3dc37f286409f27c8deb7db4a4) Importer(815301076,1909f56bfc062723c751e8b465ee728b)
Start importing Assets/OtherGame/Script/Deck.cs using Guid(c3d5ae3dc37f286409f27c8deb7db4a4) Importer(815301076,1909f56bfc062723c751e8b465ee728b)  -> (artifact id: '0ad40d807d6931f2042800fa8f893c0a') in 0.007160 seconds 
  Import took 0.009557 seconds .

========================================================================
Received Import Request.
  Time since last request: 19.044249 seconds.
  path: Assets/OtherGame/Script/Deck.cs
  artifactKey: Guid(c3d5ae3dc37f286409f27c8deb7db4a4) Importer(815301076,1909f56bfc062723c751e8b465ee728b)
Start importing Assets/OtherGame/Script/Deck.cs using Guid(c3d5ae3dc37f286409f27c8deb7db4a4) Importer(815301076,1909f56bfc062723c751e8b465ee728b)  -> (artifact id: '9b1f019d72088b078f9a9598addb6a3f') in 0.002466 seconds 
  Import took 0.004848 seconds .

========================================================================
Received Prepare
Registering precompiled user dll's ...
Registered in 0.003033 seconds.
Begin MonoManager ReloadAssembly
Native extension for WindowsStandalone target not found
Native extension for WebGL target not found
Refreshing native plugins compatible for Editor in 0.35 ms, found 2 plugins.
Preloading 0 native plugins for Editor in 0.00 ms.
Mono: successfully reloaded assembly
- Completed reload, in  0.813 seconds
Domain Reload Profiling:
	ReloadAssembly (814ms)
		BeginReloadAssembly (98ms)
			ExecutionOrderSort (0ms)
			DisableScriptedObjects (3ms)
			BackupInstance (0ms)
			ReleaseScriptingObjects (0ms)
			CreateAndSetChildDomain (30ms)
		EndReloadAssembly (663ms)
			LoadAssemblies (69ms)
			RebuildTransferFunctionScriptingTraits (0ms)
			SetupTypeCache (213ms)
			ReleaseScriptCaches (1ms)
			RebuildScriptCaches (30ms)
			SetupLoadedEditorAssemblies (274ms)
				LogAssemblyErrors (0ms)
				InitializePlatformSupportModulesInManaged (5ms)
				SetLoadedEditorAssemblies (0ms)
				RefreshPlugins (0ms)
				BeforeProcessingInitializeOnLoad (57ms)
				ProcessInitializeOnLoadAttributes (203ms)
				ProcessInitializeOnLoadMethodAttributes (3ms)
				AfterProcessingInitializeOnLoad (5ms)
				EditorAssembliesLoaded (0ms)
			ExecutionOrderSort2 (0ms)
			AwakeInstancesAfterBackupRestoration (5ms)
Platform modules already initialized, skipping
Refreshing native plugins compatible for Editor in 0.35 ms, found 2 plugins.
Preloading 0 native plugins for Editor in 0.00 ms.
Unloading 1403 Unused Serialized files (Serialized files now loaded: 0)
System memory in use before: 68.5 MB.
System memory in use after: 68.6 MB.

Unloading 13 unused Assets to reduce memory usage. Loaded Objects now: 1906.
Total: 2.534500 ms (FindLiveObjects: 0.144100 ms CreateObjectMapping: 0.031800 ms MarkObjects: 2.344200 ms  DeleteObjects: 0.013400 ms)

AssetImportParameters requested are different than current active one (requested -> active):
  custom:framework-win-MediaFoundation: 216162199b28c13a410421893ffa2e32 -> 
  custom:video-decoder-ogg-theora: a1e56fd34408186e4bbccfd4996cb3dc -> 
  custom:container-muxer-webm: aa71ff27fc2769a1b78a27578f13a17b -> 
  custom:container-demuxer-webm: 4f35f7cbe854078d1ac9338744f61a02 -> 
  custom:container-demuxer-ogg: 62fdf1f143b41e24485cea50d1cbac27 -> 
  custom:video-encoder-webm-vp8: eb34c28f22e8b96e1ab97ce403110664 -> 
  custom:video-decoder-webm-vp8: 9c59270c3fd7afecdb556c50c9e8de78 -> 
  custom:audio-decoder-ogg-vorbis: bf7c407c2cedff20999df2af8eb42d56 -> 
  custom:audio-encoder-webm-vorbis: bf7c407c2cedff20999df2af8eb42d56 -> 
========================================================================
Received Import Request.
  Time since last request: 9.889437 seconds.
  path: Assets/OtherGame/Script/cDeck.cs
  artifactKey: Guid(c3d5ae3dc37f286409f27c8deb7db4a4) Importer(815301076,1909f56bfc062723c751e8b465ee728b)
Start importing Assets/OtherGame/Script/cDeck.cs using Guid(c3d5ae3dc37f286409f27c8deb7db4a4) Importer(815301076,1909f56bfc062723c751e8b465ee728b)  -> (artifact id: '2ffba6226ea726937f54efbebf92a3b1') in 0.008620 seconds 
  Import took 0.011048 seconds .

========================================================================
Received Prepare
Registering precompiled user dll's ...
Registered in 0.003799 seconds.
Begin MonoManager ReloadAssembly
Native extension for WindowsStandalone target not found
Native extension for WebGL target not found
Refreshing native plugins compatible for Editor in 0.41 ms, found 2 plugins.
Preloading 0 native plugins for Editor in 0.00 ms.
Mono: successfully reloaded assembly
- Completed reload, in  0.820 seconds
Domain Reload Profiling:
	ReloadAssembly (820ms)
		BeginReloadAssembly (92ms)
			ExecutionOrderSort (0ms)
			DisableScriptedObjects (4ms)
			BackupInstance (0ms)
			ReleaseScriptingObjects (0ms)
			CreateAndSetChildDomain (27ms)
		EndReloadAssembly (672ms)
			LoadAssemblies (70ms)
			RebuildTransferFunctionScriptingTraits (0ms)
			SetupTypeCache (216ms)
			ReleaseScriptCaches (1ms)
			RebuildScriptCaches (29ms)
			SetupLoadedEditorAssemblies (280ms)
				LogAssemblyErrors (0ms)
				InitializePlatformSupportModulesInManaged (5ms)
				SetLoadedEditorAssemblies (0ms)
				RefreshPlugins (0ms)
				BeforeProcessingInitializeOnLoad (57ms)
				ProcessInitializeOnLoadAttributes (208ms)
				ProcessInitializeOnLoadMethodAttributes (3ms)
				AfterProcessingInitializeOnLoad (7ms)
				EditorAssembliesLoaded (0ms)
			ExecutionOrderSort2 (0ms)
			AwakeInstancesAfterBackupRestoration (6ms)
Platform modules already initialized, skipping
Refreshing native plugins compatible for Editor in 0.62 ms, found 2 plugins.
Preloading 0 native plugins for Editor in 0.00 ms.
Unloading 1403 Unused Serialized files (Serialized files now loaded: 0)
System memory in use before: 68.5 MB.
System memory in use after: 68.6 MB.

Unloading 13 unused Assets to reduce memory usage. Loaded Objects now: 1908.
Total: 2.516000 ms (FindLiveObjects: 0.155500 ms CreateObjectMapping: 0.030800 ms MarkObjects: 2.314700 ms  DeleteObjects: 0.014200 ms)

AssetImportParameters requested are different than current active one (requested -> active):
  custom:framework-win-MediaFoundation: 216162199b28c13a410421893ffa2e32 -> 
  custom:video-decoder-ogg-theora: a1e56fd34408186e4bbccfd4996cb3dc -> 
  custom:container-muxer-webm: aa71ff27fc2769a1b78a27578f13a17b -> 
  custom:container-demuxer-webm: 4f35f7cbe854078d1ac9338744f61a02 -> 
  custom:container-demuxer-ogg: 62fdf1f143b41e24485cea50d1cbac27 -> 
  custom:video-encoder-webm-vp8: eb34c28f22e8b96e1ab97ce403110664 -> 
  custom:video-decoder-webm-vp8: 9c59270c3fd7afecdb556c50c9e8de78 -> 
  custom:audio-decoder-ogg-vorbis: bf7c407c2cedff20999df2af8eb42d56 -> 
  custom:audio-encoder-webm-vorbis: bf7c407c2cedff20999df2af8eb42d56 -> 
========================================================================
Received Import Request.
  Time since last request: 112.763024 seconds.
  path: Assets/OtherGame/__Clock_Scene_0.unity
  artifactKey: Guid(8a69785a7c7394d1286e8e0987d1c268) Importer(815301076,1909f56bfc062723c751e8b465ee728b)
Start importing Assets/OtherGame/__Clock_Scene_0.unity using Guid(8a69785a7c7394d1286e8e0987d1c268) Importer(815301076,1909f56bfc062723c751e8b465ee728b)  -> (artifact id: '9307cdb0385392cce647f23c86848089') in 0.010213 seconds 
  Import took 0.012789 seconds .

========================================================================
Received Prepare
Registering precompiled user dll's ...
Registered in 0.002989 seconds.
Begin MonoManager ReloadAssembly
Native extension for WindowsStandalone target not found
Native extension for WebGL target not found
Refreshing native plugins compatible for Editor in 0.36 ms, found 2 plugins.
Preloading 0 native plugins for Editor in 0.00 ms.
Mono: successfully reloaded assembly
- Completed reload, in  0.818 seconds
Domain Reload Profiling:
	ReloadAssembly (819ms)
		BeginReloadAssembly (95ms)
			ExecutionOrderSort (0ms)
			DisableScriptedObjects (4ms)
			BackupInstance (0ms)
			ReleaseScriptingObjects (0ms)
			CreateAndSetChildDomain (28ms)
		EndReloadAssembly (670ms)
			LoadAssemblies (69ms)
			RebuildTransferFunctionScriptingTraits (0ms)
			SetupTypeCache (213ms)
			ReleaseScriptCaches (1ms)
			RebuildScriptCaches (31ms)
			SetupLoadedEditorAssemblies (278ms)
				LogAssemblyErrors (0ms)
				InitializePlatformSupportModulesInManaged (5ms)
				SetLoadedEditorAssemblies (0ms)
				RefreshPlugins (0ms)
				BeforeProcessingInitializeOnLoad (60ms)
				ProcessInitializeOnLoadAttributes (205ms)
				ProcessInitializeOnLoadMethodAttributes (3ms)
				AfterProcessingInitializeOnLoad (5ms)
				EditorAssembliesLoaded (0ms)
			ExecutionOrderSort2 (0ms)
			AwakeInstancesAfterBackupRestoration (5ms)
Platform modules already initialized, skipping
Refreshing native plugins compatible for Editor in 0.33 ms, found 2 plugins.
Preloading 0 native plugins for Editor in 0.00 ms.
Unloading 1403 Unused Serialized files (Serialized files now loaded: 0)
System memory in use before: 68.6 MB.
System memory in use after: 68.7 MB.

Unloading 13 unused Assets to reduce memory usage. Loaded Objects now: 1910.
Total: 2.544200 ms (FindLiveObjects: 0.138100 ms CreateObjectMapping: 0.032700 ms MarkObjects: 2.359900 ms  DeleteObjects: 0.012600 ms)

AssetImportParameters requested are different than current active one (requested -> active):
  custom:framework-win-MediaFoundation: 216162199b28c13a410421893ffa2e32 -> 
  custom:video-decoder-ogg-theora: a1e56fd34408186e4bbccfd4996cb3dc -> 
  custom:container-muxer-webm: aa71ff27fc2769a1b78a27578f13a17b -> 
  custom:container-demuxer-webm: 4f35f7cbe854078d1ac9338744f61a02 -> 
  custom:container-demuxer-ogg: 62fdf1f143b41e24485cea50d1cbac27 -> 
  custom:video-encoder-webm-vp8: eb34c28f22e8b96e1ab97ce403110664 -> 
  custom:video-decoder-webm-vp8: 9c59270c3fd7afecdb556c50c9e8de78 -> 
  custom:audio-decoder-ogg-vorbis: bf7c407c2cedff20999df2af8eb42d56 -> 
  custom:audio-encoder-webm-vorbis: bf7c407c2cedff20999df2af8eb42d56 -> 
========================================================================
Received Import Request.
  Time since last request: 5.678168 seconds.
  path: Assets/OtherGame/__Clock_Scene_0.unity
  artifactKey: Guid(8a69785a7c7394d1286e8e0987d1c268) Importer(815301076,1909f56bfc062723c751e8b465ee728b)
Start importing Assets/OtherGame/__Clock_Scene_0.unity using Guid(8a69785a7c7394d1286e8e0987d1c268) Importer(815301076,1909f56bfc062723c751e8b465ee728b)  -> (artifact id: 'd8f09a184061d7f7b12b05a172da3773') in 0.010526 seconds 
  Import took 0.012949 seconds .

========================================================================
Received Prepare
Registering precompiled user dll's ...
Registered in 0.003375 seconds.
Begin MonoManager ReloadAssembly
Native extension for WindowsStandalone target not found
Native extension for WebGL target not found
Refreshing native plugins compatible for Editor in 0.35 ms, found 2 plugins.
Preloading 0 native plugins for Editor in 0.00 ms.
Mono: successfully reloaded assembly
- Completed reload, in  0.793 seconds
Domain Reload Profiling:
	ReloadAssembly (793ms)
		BeginReloadAssembly (89ms)
			ExecutionOrderSort (0ms)
			DisableScriptedObjects (4ms)
			BackupInstance (0ms)
			ReleaseScriptingObjects (0ms)
			CreateAndSetChildDomain (27ms)
		EndReloadAssembly (652ms)
			LoadAssemblies (67ms)
			RebuildTransferFunctionScriptingTraits (0ms)
			SetupTypeCache (209ms)
			ReleaseScriptCaches (1ms)
			RebuildScriptCaches (29ms)
			SetupLoadedEditorAssemblies (271ms)
				LogAssemblyErrors (0ms)
				InitializePlatformSupportModulesInManaged (5ms)
				SetLoadedEditorAssemblies (0ms)
				RefreshPlugins (0ms)
				BeforeProcessingInitializeOnLoad (56ms)
				ProcessInitializeOnLoadAttributes (201ms)
				ProcessInitializeOnLoadMethodAttributes (3ms)
				AfterProcessingInitializeOnLoad (5ms)
				EditorAssembliesLoaded (0ms)
			ExecutionOrderSort2 (0ms)
			AwakeInstancesAfterBackupRestoration (5ms)
Platform modules already initialized, skipping
Refreshing native plugins compatible for Editor in 0.34 ms, found 2 plugins.
Preloading 0 native plugins for Editor in 0.00 ms.
Unloading 1403 Unused Serialized files (Serialized files now loaded: 0)
System memory in use before: 68.6 MB.
System memory in use after: 68.7 MB.

Unloading 13 unused Assets to reduce memory usage. Loaded Objects now: 1912.
Total: 2.869400 ms (FindLiveObjects: 0.209900 ms CreateObjectMapping: 0.033000 ms MarkObjects: 2.608700 ms  DeleteObjects: 0.016500 ms)

AssetImportParameters requested are different than current active one (requested -> active):
  custom:framework-win-MediaFoundation: 216162199b28c13a410421893ffa2e32 -> 
  custom:video-decoder-ogg-theora: a1e56fd34408186e4bbccfd4996cb3dc -> 
  custom:container-muxer-webm: aa71ff27fc2769a1b78a27578f13a17b -> 
  custom:container-demuxer-webm: 4f35f7cbe854078d1ac9338744f61a02 -> 
  custom:container-demuxer-ogg: 62fdf1f143b41e24485cea50d1cbac27 -> 
  custom:video-encoder-webm-vp8: eb34c28f22e8b96e1ab97ce403110664 -> 
  custom:video-decoder-webm-vp8: 9c59270c3fd7afecdb556c50c9e8de78 -> 
  custom:audio-decoder-ogg-vorbis: bf7c407c2cedff20999df2af8eb42d56 -> 
  custom:audio-encoder-webm-vorbis: bf7c407c2cedff20999df2af8eb42d56 -> 
========================================================================
Received Import Request.
  Time since last request: 276.061226 seconds.
  path: Assets/Prospector/__Scripts/Card.cs
  artifactKey: Guid(100a12af089e19845beeba3dc7d93c78) Importer(815301076,1909f56bfc062723c751e8b465ee728b)
Start importing Assets/Prospector/__Scripts/Card.cs using Guid(100a12af089e19845beeba3dc7d93c78) Importer(815301076,1909f56bfc062723c751e8b465ee728b)  -> (artifact id: 'a2a17a8a463214d34a360d3c27f38297') in 0.013207 seconds 
  Import took 0.015976 seconds .

========================================================================
Received Import Request.
  Time since last request: 4.177693 seconds.
  path: Assets/Prospector/__Scripts/PT_XMLReader.cs
  artifactKey: Guid(d7ae3889c7be74b4e9dd156dd6318db4) Importer(815301076,1909f56bfc062723c751e8b465ee728b)
Start importing Assets/Prospector/__Scripts/PT_XMLReader.cs using Guid(d7ae3889c7be74b4e9dd156dd6318db4) Importer(815301076,1909f56bfc062723c751e8b465ee728b)  -> (artifact id: '631f67ffe36ba5c9b2a7f1bb281a6310') in 0.006775 seconds 
  Import took 0.009318 seconds .

========================================================================
Received Import Request.
  Time since last request: 206.648614 seconds.
  path: Assets/OtherGame/Script/Card.cs
  artifactKey: Guid(44ee867d8fe054640b82db3e6ba3ba33) Importer(815301076,1909f56bfc062723c751e8b465ee728b)
Start importing Assets/OtherGame/Script/Card.cs using Guid(44ee867d8fe054640b82db3e6ba3ba33) Importer(815301076,1909f56bfc062723c751e8b465ee728b)  -> (artifact id: 'e8479c518aaa2d066dc8b06d70c5f7df') in 0.002031 seconds 
  Import took 0.004228 seconds .

========================================================================
Received Import Request.
  Time since last request: 0.000610 seconds.
  path: Assets/OtherGame/Script/Card.cs
  artifactKey: Guid(44ee867d8fe054640b82db3e6ba3ba33) Importer(815301076,1909f56bfc062723c751e8b465ee728b)
Start importing Assets/OtherGame/Script/Card.cs using Guid(44ee867d8fe054640b82db3e6ba3ba33) Importer(815301076,1909f56bfc062723c751e8b465ee728b)  -> (artifact id: 'e8479c518aaa2d066dc8b06d70c5f7df') in 0.001563 seconds 
  Import took 0.003151 seconds .

========================================================================
Received Import Request.
  Time since last request: 10.608276 seconds.
  path: Assets/OtherGame/Script/Card.cs
  artifactKey: Guid(44ee867d8fe054640b82db3e6ba3ba33) Importer(815301076,1909f56bfc062723c751e8b465ee728b)
Start importing Assets/OtherGame/Script/Card.cs using Guid(44ee867d8fe054640b82db3e6ba3ba33) Importer(815301076,1909f56bfc062723c751e8b465ee728b)  -> (artifact id: 'e74ae653238a307f728b4a2efef252f0') in 0.002462 seconds 
  Import took 0.005538 seconds .

========================================================================
Received Import Request.
  Time since last request: 12.969891 seconds.
  path: Assets/OtherGame/Script/cCard.cs
  artifactKey: Guid(44ee867d8fe054640b82db3e6ba3ba33) Importer(815301076,1909f56bfc062723c751e8b465ee728b)
Start importing Assets/OtherGame/Script/cCard.cs using Guid(44ee867d8fe054640b82db3e6ba3ba33) Importer(815301076,1909f56bfc062723c751e8b465ee728b)  -> (artifact id: '60de9e31c51e1afe08440b53f4091503') in 0.006250 seconds 
  Import took 0.008979 seconds .

========================================================================
Received Import Request.
  Time since last request: 0.002638 seconds.
  path: Assets/OtherGame/Script/cCard.cs
  artifactKey: Guid(44ee867d8fe054640b82db3e6ba3ba33) Importer(815301076,1909f56bfc062723c751e8b465ee728b)
Start importing Assets/OtherGame/Script/cCard.cs using Guid(44ee867d8fe054640b82db3e6ba3ba33) Importer(815301076,1909f56bfc062723c751e8b465ee728b)  -> (artifact id: '60de9e31c51e1afe08440b53f4091503') in 0.002121 seconds 
  Import took 0.004479 seconds .

========================================================================
Received Import Request.
  Time since last request: 9.117375 seconds.
  path: Assets/OtherGame/Script/Prospector.cs
  artifactKey: Guid(8963230e756625549b29617ca097ba18) Importer(815301076,1909f56bfc062723c751e8b465ee728b)
Start importing Assets/OtherGame/Script/Prospector.cs using Guid(8963230e756625549b29617ca097ba18) Importer(815301076,1909f56bfc062723c751e8b465ee728b)  -> (artifact id: 'd1e181fc7f6eed3d9e839493f12fa281') in 0.002063 seconds 
  Import took 0.004472 seconds .

========================================================================
Received Import Request.
  Time since last request: 0.003092 seconds.
  path: Assets/OtherGame/Script/Prospector.cs
  artifactKey: Guid(8963230e756625549b29617ca097ba18) Importer(815301076,1909f56bfc062723c751e8b465ee728b)
Start importing Assets/OtherGame/Script/Prospector.cs using Guid(8963230e756625549b29617ca097ba18) Importer(815301076,1909f56bfc062723c751e8b465ee728b)  -> (artifact id: 'd1e181fc7f6eed3d9e839493f12fa281') in 0.002298 seconds 
  Import took 0.004348 seconds .

========================================================================
Received Import Request.
  Time since last request: 8.931854 seconds.
  path: Assets/OtherGame/Script/Clock.cs
  artifactKey: Guid(8963230e756625549b29617ca097ba18) Importer(815301076,1909f56bfc062723c751e8b465ee728b)
Start importing Assets/OtherGame/Script/Clock.cs using Guid(8963230e756625549b29617ca097ba18) Importer(815301076,1909f56bfc062723c751e8b465ee728b)  -> (artifact id: '609740ee972fda3bd44f6412724ea90f') in 0.006493 seconds 
  Import took 0.009281 seconds .

========================================================================
Received Import Request.
  Time since last request: 1.446424 seconds.
  path: Assets/OtherGame/Script/PT_XMLReader.cs
  artifactKey: Guid(4cd3b0b0f2457e042be962067aba05ba) Importer(815301076,1909f56bfc062723c751e8b465ee728b)
Start importing Assets/OtherGame/Script/PT_XMLReader.cs using Guid(4cd3b0b0f2457e042be962067aba05ba) Importer(815301076,1909f56bfc062723c751e8b465ee728b)  -> (artifact id: '341542f27f112c807e91050e7205210c') in 0.002226 seconds 
  Import took 0.004567 seconds .

========================================================================
Received Import Request.
  Time since last request: 0.000468 seconds.
  path: Assets/OtherGame/Script/PT_XMLReader.cs
  artifactKey: Guid(4cd3b0b0f2457e042be962067aba05ba) Importer(815301076,1909f56bfc062723c751e8b465ee728b)
Start importing Assets/OtherGame/Script/PT_XMLReader.cs using Guid(4cd3b0b0f2457e042be962067aba05ba) Importer(815301076,1909f56bfc062723c751e8b465ee728b)  -> (artifact id: '341542f27f112c807e91050e7205210c') in 0.002338 seconds 
  Import took 0.004511 seconds .

========================================================================
Received Import Request.
  Time since last request: 8.032292 seconds.
  path: Assets/OtherGame/Script/cPT_XMLReader.cs
  artifactKey: Guid(4cd3b0b0f2457e042be962067aba05ba) Importer(815301076,1909f56bfc062723c751e8b465ee728b)
Start importing Assets/OtherGame/Script/cPT_XMLReader.cs using Guid(4cd3b0b0f2457e042be962067aba05ba) Importer(815301076,1909f56bfc062723c751e8b465ee728b)  -> (artifact id: 'f30c0aa5d2caa6f3251a15aa279bcf68') in 0.007811 seconds 
  Import took 0.010461 seconds .

========================================================================
Received Import Request.
  Time since last request: 0.557854 seconds.
  path: Assets/OtherGame/Script/Utils.cs
  artifactKey: Guid(8816308c290c1804d9f9d76df0836352) Importer(815301076,1909f56bfc062723c751e8b465ee728b)
Start importing Assets/OtherGame/Script/Utils.cs using Guid(8816308c290c1804d9f9d76df0836352) Importer(815301076,1909f56bfc062723c751e8b465ee728b)  -> (artifact id: 'bd51760d5b89906b1a0571cf6ec7da18') in 0.007117 seconds 
  Import took 0.010066 seconds .

========================================================================
Received Import Request.
  Time since last request: 3.332928 seconds.
  path: Assets/OtherGame/Script/cUtils.cs
  artifactKey: Guid(8816308c290c1804d9f9d76df0836352) Importer(815301076,1909f56bfc062723c751e8b465ee728b)
Start importing Assets/OtherGame/Script/cUtils.cs using Guid(8816308c290c1804d9f9d76df0836352) Importer(815301076,1909f56bfc062723c751e8b465ee728b)  -> (artifact id: '6ad94a20d233cb14d241d27c1162c84c') in 0.006015 seconds 
  Import took 0.008554 seconds .

========================================================================
Received Import Request.
  Time since last request: 8.980458 seconds.
  path: Assets/OtherGame/Script/Clock.cs
  artifactKey: Guid(8963230e756625549b29617ca097ba18) Importer(815301076,1909f56bfc062723c751e8b465ee728b)
Start importing Assets/OtherGame/Script/Clock.cs using Guid(8963230e756625549b29617ca097ba18) Importer(815301076,1909f56bfc062723c751e8b465ee728b)  -> (artifact id: '3ecc86ab524e1d214e698d4fa28d6f9a') in 0.002231 seconds 
  Import took 0.004954 seconds .

========================================================================
Received Import Request.
  Time since last request: 16.765127 seconds.
  path: Assets/OtherGame/Script/Clock.cs
  artifactKey: Guid(8963230e756625549b29617ca097ba18) Importer(815301076,1909f56bfc062723c751e8b465ee728b)
Start importing Assets/OtherGame/Script/Clock.cs using Guid(8963230e756625549b29617ca097ba18) Importer(815301076,1909f56bfc062723c751e8b465ee728b)  -> (artifact id: 'ba0bcec1665a03d203abb04b0961b2fc') in 0.001998 seconds 
  Import took 0.004488 seconds .

========================================================================
Received Import Request.
  Time since last request: 53.953082 seconds.
  path: Assets/OtherGame/Script/cUtils.cs
  artifactKey: Guid(8816308c290c1804d9f9d76df0836352) Importer(815301076,1909f56bfc062723c751e8b465ee728b)
Start importing Assets/OtherGame/Script/cUtils.cs using Guid(8816308c290c1804d9f9d76df0836352) Importer(815301076,1909f56bfc062723c751e8b465ee728b)  -> (artifact id: '4ae10fcbbcdb5d6d0c5e210682409322') in 0.002300 seconds 
  Import took 0.004804 seconds .

========================================================================
Received Import Request.
  Time since last request: 112.593865 seconds.
  path: Assets/OtherGame/Script/cPT_XMLReader.cs
  artifactKey: Guid(4cd3b0b0f2457e042be962067aba05ba) Importer(815301076,1909f56bfc062723c751e8b465ee728b)
Start importing Assets/OtherGame/Script/cPT_XMLReader.cs using Guid(4cd3b0b0f2457e042be962067aba05ba) Importer(815301076,1909f56bfc062723c751e8b465ee728b)  -> (artifact id: 'f6f3b87fcd19dd66697a31ac5d24471f') in 0.002012 seconds 
  Import took 0.004569 seconds .

========================================================================
Received Import Request.
  Time since last request: 134.749346 seconds.
  path: Assets/OtherGame/Script/cPT_XMLReader.cs
  artifactKey: Guid(4cd3b0b0f2457e042be962067aba05ba) Importer(815301076,1909f56bfc062723c751e8b465ee728b)
Start importing Assets/OtherGame/Script/cPT_XMLReader.cs using Guid(4cd3b0b0f2457e042be962067aba05ba) Importer(815301076,1909f56bfc062723c751e8b465ee728b)  -> (artifact id: '2128f51d88f6d9c206e04df9a92878da') in 0.002171 seconds 
  Import took 0.004747 seconds .

========================================================================
Received Import Request.
  Time since last request: 5924.441850 seconds.
  path: Assets/OtherGame/__Clock_Scene_0.unity
  artifactKey: Guid(8a69785a7c7394d1286e8e0987d1c268) Importer(815301076,1909f56bfc062723c751e8b465ee728b)
Start importing Assets/OtherGame/__Clock_Scene_0.unity using Guid(8a69785a7c7394d1286e8e0987d1c268) Importer(815301076,1909f56bfc062723c751e8b465ee728b)  -> (artifact id: '21fc4135b38063695c6f5e94f8826ce3') in 0.010438 seconds 
  Import took 0.012820 seconds .

AssetImportWorkerClient::OnTransportError - code=2 error=End of file
